2023-11-21 12:12:07.587 - Info	
Packing C:\Users\Admin\Downloads\PCF Control\DocumentTemplateManager-master\ExportPDFSolutions\obj\Debug\Metadata to bin\Debug\ExportPDFSolutions.zip

2023-11-21 12:12:07.603 - Info	Processing Component: Entities
2023-11-21 12:12:07.603 - Info	Processing Component: Roles
2023-11-21 12:12:07.603 - Info	Processing Component: Workflows
2023-11-21 12:12:07.603 - Info	Processing Component: FieldSecurityProfiles
2023-11-21 12:12:07.603 - Info	Processing Component: Templates
2023-11-21 12:12:07.603 - Info	Processing Component: EntityMaps
2023-11-21 12:12:07.603 - Info	Processing Component: EntityRelationships
2023-11-21 12:12:07.618 - Info	Processing Component: OrganizationSettings
2023-11-21 12:12:07.618 - Info	Processing Component: optionsets
2023-11-21 12:12:07.618 - Info	Processing Component: CustomControls
2023-11-21 12:12:07.618 - Info	 - K10.DocumentTemplateManager
2023-11-21 12:12:07.634 - Info	Processing Component: SolutionPluginAssemblies
2023-11-21 12:12:07.634 - Info	Processing Component: EntityDataProviders
2023-11-21 12:12:07.697 - Info	
Unmanaged Pack complete.

2023-11-21 12:17:24.928 - Info	
Packing C:\Users\Admin\Downloads\PCF Control\DocumentTemplateManager-master\ExportPDFSolutions\obj\Debug\Metadata to bin\Debug\ExportPDFSolutions.zip

2023-11-21 12:17:24.944 - Info	Processing Component: Entities
2023-11-21 12:17:24.944 - Info	Processing Component: Roles
2023-11-21 12:17:24.955 - Info	Processing Component: Workflows
2023-11-21 12:17:24.955 - Info	Processing Component: FieldSecurityProfiles
2023-11-21 12:17:24.955 - Info	Processing Component: Templates
2023-11-21 12:17:24.955 - Info	Processing Component: EntityMaps
2023-11-21 12:17:24.955 - Info	Processing Component: EntityRelationships
2023-11-21 12:17:24.961 - Info	Processing Component: OrganizationSettings
2023-11-21 12:17:24.961 - Info	Processing Component: optionsets
2023-11-21 12:17:24.961 - Info	Processing Component: CustomControls
2023-11-21 12:17:24.961 - Info	 - ExportTOPDF.ExportTOPDFComponent
2023-11-21 12:17:24.976 - Info	Processing Component: SolutionPluginAssemblies
2023-11-21 12:17:24.979 - Info	Processing Component: EntityDataProviders
2023-11-21 12:17:25.087 - Info	
Unmanaged Pack complete.

2023-11-21 12:39:52.316 - Info	
Packing C:\Users\Admin\Downloads\PCF Control\DocumentTemplateManager(ExportToPDF)\ExportPDFSolutions\obj\Debug\Metadata to bin\Debug\ExportPDFSolutions.zip

2023-11-21 12:39:52.332 - Info	Processing Component: Entities
2023-11-21 12:39:52.348 - Info	Processing Component: Roles
2023-11-21 12:39:52.348 - Info	Processing Component: Workflows
2023-11-21 12:39:52.348 - Info	Processing Component: FieldSecurityProfiles
2023-11-21 12:39:52.348 - Info	Processing Component: Templates
2023-11-21 12:39:52.348 - Info	Processing Component: EntityMaps
2023-11-21 12:39:52.348 - Info	Processing Component: EntityRelationships
2023-11-21 12:39:52.364 - Info	Processing Component: OrganizationSettings
2023-11-21 12:39:52.364 - Info	Processing Component: optionsets
2023-11-21 12:39:52.364 - Info	Processing Component: CustomControls
2023-11-21 12:39:52.379 - Info	 - ExportTOPDF.ExportTOPDFComponent
2023-11-21 12:39:52.431 - Info	Processing Component: SolutionPluginAssemblies
2023-11-21 12:39:52.431 - Info	Processing Component: EntityDataProviders
2023-11-21 12:39:52.521 - Info	
Unmanaged Pack complete.

2023-11-22 14:52:12.678 - Info	
Packing C:\Users\Admin\Downloads\PCF Control\DocumentTemplateManager(ExportToPDF)\ExportPDFSolutions\obj\Debug\Metadata to bin\Debug\ExportPDFSolutions.zip

2023-11-22 14:52:12.710 - Info	Processing Component: Entities
2023-11-22 14:52:12.727 - Info	Processing Component: Roles
2023-11-22 14:52:12.741 - Info	Processing Component: Workflows
2023-11-22 14:52:12.742 - Info	Processing Component: FieldSecurityProfiles
2023-11-22 14:52:12.743 - Info	Processing Component: Templates
2023-11-22 14:52:12.743 - Info	Processing Component: EntityMaps
2023-11-22 14:52:12.743 - Info	Processing Component: EntityRelationships
2023-11-22 14:52:12.743 - Info	Processing Component: OrganizationSettings
2023-11-22 14:52:12.758 - Info	Processing Component: optionsets
2023-11-22 14:52:12.759 - Info	Processing Component: CustomControls
2023-11-22 14:52:12.776 - Info	 - ExportTOPDF.ExportTOPDFComponent
2023-11-22 14:52:12.868 - Info	Processing Component: SolutionPluginAssemblies
2023-11-22 14:52:12.868 - Info	Processing Component: EntityDataProviders
2023-11-22 14:52:13.160 - Info	
Unmanaged Pack complete.

2023-11-22 15:10:30.965 - Info	
Packing C:\Users\Admin\Downloads\PCF Control\DocumentTemplateManager(ExportToPDF)\ExportPDFSolutions\obj\Debug\Metadata to bin\Debug\ExportPDFSolutions.zip

2023-11-22 15:10:30.996 - Info	Processing Component: Entities
2023-11-22 15:10:31.013 - Info	Processing Component: Roles
2023-11-22 15:10:31.016 - Info	Processing Component: Workflows
2023-11-22 15:10:31.016 - Info	Processing Component: FieldSecurityProfiles
2023-11-22 15:10:31.016 - Info	Processing Component: Templates
2023-11-22 15:10:31.016 - Info	Processing Component: EntityMaps
2023-11-22 15:10:31.016 - Info	Processing Component: EntityRelationships
2023-11-22 15:10:31.030 - Info	Processing Component: OrganizationSettings
2023-11-22 15:10:31.030 - Info	Processing Component: optionsets
2023-11-22 15:10:31.030 - Info	Processing Component: CustomControls
2023-11-22 15:10:31.046 - Info	 - ExportTOPDF.ExportTOPDFComponent
2023-11-22 15:10:31.077 - Info	Processing Component: SolutionPluginAssemblies
2023-11-22 15:10:31.081 - Info	Processing Component: EntityDataProviders
2023-11-22 15:10:31.375 - Info	
Unmanaged Pack complete.

2023-11-22 15:13:23.489 - Info	
Packing C:\Users\Admin\Downloads\PCF Control\DocumentTemplateManager(ExportToPDF)\ExportPDFSolutions\obj\Debug\Metadata to bin\Debug\ExportPDFSolutions.zip

2023-11-22 15:13:23.522 - Info	Processing Component: Entities
2023-11-22 15:13:23.523 - Info	Processing Component: Roles
2023-11-22 15:13:23.541 - Info	Processing Component: Workflows
2023-11-22 15:13:23.545 - Info	Processing Component: FieldSecurityProfiles
2023-11-22 15:13:23.547 - Info	Processing Component: Templates
2023-11-22 15:13:23.547 - Info	Processing Component: EntityMaps
2023-11-22 15:13:23.547 - Info	Processing Component: EntityRelationships
2023-11-22 15:13:23.552 - Info	Processing Component: OrganizationSettings
2023-11-22 15:13:23.565 - Info	Processing Component: optionsets
2023-11-22 15:13:23.565 - Info	Processing Component: CustomControls
2023-11-22 15:13:23.584 - Info	 - ExportTOPDF.ExportTOPDFComponent
2023-11-22 15:13:23.600 - Info	Processing Component: SolutionPluginAssemblies
2023-11-22 15:13:23.600 - Info	Processing Component: EntityDataProviders
2023-11-22 15:13:23.772 - Info	
Unmanaged Pack complete.

2023-11-22 15:27:50.418 - Info	
Packing C:\Users\Admin\Downloads\PCF Control\DocumentTemplateManager(ExportToPDF)\ExportPDFSolutions\obj\Debug\Metadata to bin\Debug\ExportPDFSolutions.zip

2023-11-22 15:27:50.449 - Info	Processing Component: Entities
2023-11-22 15:27:50.472 - Info	Processing Component: Roles
2023-11-22 15:27:50.482 - Info	Processing Component: Workflows
2023-11-22 15:27:50.482 - Info	Processing Component: FieldSecurityProfiles
2023-11-22 15:27:50.482 - Info	Processing Component: Templates
2023-11-22 15:27:50.482 - Info	Processing Component: EntityMaps
2023-11-22 15:27:50.482 - Info	Processing Component: EntityRelationships
2023-11-22 15:27:50.500 - Info	Processing Component: OrganizationSettings
2023-11-22 15:27:50.500 - Info	Processing Component: optionsets
2023-11-22 15:27:50.500 - Info	Processing Component: CustomControls
2023-11-22 15:27:50.515 - Info	 - ExportTOPDF.ExportTOPDFComponent
2023-11-22 15:27:50.539 - Info	Processing Component: SolutionPluginAssemblies
2023-11-22 15:27:50.542 - Info	Processing Component: EntityDataProviders
2023-11-22 15:27:50.822 - Info	
Unmanaged Pack complete.

2023-11-22 15:44:19.917 - Info	
Packing C:\Users\Admin\Downloads\PCF Control\DocumentTemplateManager(ExportToPDF)\ExportPDFSolutions\obj\Debug\Metadata to bin\Debug\ExportPDFSolutions.zip

2023-11-22 15:44:19.932 - Info	Processing Component: Entities
2023-11-22 15:44:19.952 - Info	Processing Component: Roles
2023-11-22 15:44:19.955 - Info	Processing Component: Workflows
2023-11-22 15:44:19.955 - Info	Processing Component: FieldSecurityProfiles
2023-11-22 15:44:19.955 - Info	Processing Component: Templates
2023-11-22 15:44:19.955 - Info	Processing Component: EntityMaps
2023-11-22 15:44:19.955 - Info	Processing Component: EntityRelationships
2023-11-22 15:44:19.964 - Info	Processing Component: OrganizationSettings
2023-11-22 15:44:19.964 - Info	Processing Component: optionsets
2023-11-22 15:44:19.972 - Info	Processing Component: CustomControls
2023-11-22 15:44:19.980 - Info	 - ExportTOPDF.ExportTOPDFComponent
2023-11-22 15:44:20.009 - Info	Processing Component: SolutionPluginAssemblies
2023-11-22 15:44:20.012 - Info	Processing Component: EntityDataProviders
2023-11-22 15:44:20.310 - Info	
Unmanaged Pack complete.

2023-11-22 15:45:04.723 - Info	
Packing C:\Users\Admin\Downloads\PCF Control\DocumentTemplateManager(ExportToPDF)\ExportPDFSolutions\obj\Debug\Metadata to bin\Debug\ExportPDFSolutions.zip

2023-11-22 15:45:04.748 - Info	Processing Component: Entities
2023-11-22 15:45:04.757 - Info	Processing Component: Roles
2023-11-22 15:45:04.764 - Info	Processing Component: Workflows
2023-11-22 15:45:04.764 - Info	Processing Component: FieldSecurityProfiles
2023-11-22 15:45:04.764 - Info	Processing Component: Templates
2023-11-22 15:45:04.764 - Info	Processing Component: EntityMaps
2023-11-22 15:45:04.764 - Info	Processing Component: EntityRelationships
2023-11-22 15:45:04.775 - Info	Processing Component: OrganizationSettings
2023-11-22 15:45:04.776 - Info	Processing Component: optionsets
2023-11-22 15:45:04.776 - Info	Processing Component: CustomControls
2023-11-22 15:45:04.802 - Info	 - ExportTOPDF.ExportTOPDFComponent
2023-11-22 15:45:04.811 - Info	Processing Component: SolutionPluginAssemblies
2023-11-22 15:45:04.811 - Info	Processing Component: EntityDataProviders
2023-11-22 15:45:05.016 - Info	
Unmanaged Pack complete.

2023-11-22 16:07:47.229 - Info	
Packing C:\Users\Admin\Downloads\PCF Control\DocumentTemplateManager(ExportToPDF)\ExportPDFSolutions\obj\Debug\Metadata to bin\Debug\ExportPDFSolutions.zip

2023-11-22 16:07:47.245 - Info	Processing Component: Entities
2023-11-22 16:07:47.245 - Info	Processing Component: Roles
2023-11-22 16:07:47.260 - Info	Processing Component: Workflows
2023-11-22 16:07:47.260 - Info	Processing Component: FieldSecurityProfiles
2023-11-22 16:07:47.260 - Info	Processing Component: Templates
2023-11-22 16:07:47.260 - Info	Processing Component: EntityMaps
2023-11-22 16:07:47.260 - Info	Processing Component: EntityRelationships
2023-11-22 16:07:47.260 - Info	Processing Component: OrganizationSettings
2023-11-22 16:07:47.260 - Info	Processing Component: optionsets
2023-11-22 16:07:47.260 - Info	Processing Component: CustomControls
2023-11-22 16:07:47.260 - Info	 - ExportTOPDF.ExportTOPDFComponent
2023-11-22 16:07:47.276 - Info	Processing Component: SolutionPluginAssemblies
2023-11-22 16:07:47.276 - Info	Processing Component: EntityDataProviders
2023-11-22 16:07:47.401 - Info	
Unmanaged Pack complete.

2023-11-22 16:08:17.172 - Info	
Packing C:\Users\Admin\Downloads\PCF Control\DocumentTemplateManager(ExportToPDF)\ExportPDFSolutions\obj\Debug\Metadata to bin\Debug\ExportPDFSolutions.zip

2023-11-22 16:08:17.188 - Info	Processing Component: Entities
2023-11-22 16:08:17.204 - Info	Processing Component: Roles
2023-11-22 16:08:17.204 - Info	Processing Component: Workflows
2023-11-22 16:08:17.204 - Info	Processing Component: FieldSecurityProfiles
2023-11-22 16:08:17.204 - Info	Processing Component: Templates
2023-11-22 16:08:17.204 - Info	Processing Component: EntityMaps
2023-11-22 16:08:17.204 - Info	Processing Component: EntityRelationships
2023-11-22 16:08:17.220 - Info	Processing Component: OrganizationSettings
2023-11-22 16:08:17.220 - Info	Processing Component: optionsets
2023-11-22 16:08:17.220 - Info	Processing Component: CustomControls
2023-11-22 16:08:17.220 - Info	 - ExportTOPDF.ExportTOPDFComponent
2023-11-22 16:08:17.235 - Info	Processing Component: SolutionPluginAssemblies
2023-11-22 16:08:17.235 - Info	Processing Component: EntityDataProviders
2023-11-22 16:08:17.330 - Info	
Unmanaged Pack complete.

2023-11-22 16:16:47.384 - Info	
Packing C:\Users\Admin\Downloads\PCF Control\DocumentTemplateManager(ExportToPDF)\ExportPDFSolutions\obj\Debug\Metadata to bin\Debug\ExportPDFSolutions.zip

2023-11-22 16:16:47.399 - Info	Processing Component: Entities
2023-11-22 16:16:47.399 - Info	Processing Component: Roles
2023-11-22 16:16:47.399 - Info	Processing Component: Workflows
2023-11-22 16:16:47.399 - Info	Processing Component: FieldSecurityProfiles
2023-11-22 16:16:47.399 - Info	Processing Component: Templates
2023-11-22 16:16:47.399 - Info	Processing Component: EntityMaps
2023-11-22 16:16:47.399 - Info	Processing Component: EntityRelationships
2023-11-22 16:16:47.415 - Info	Processing Component: OrganizationSettings
2023-11-22 16:16:47.415 - Info	Processing Component: optionsets
2023-11-22 16:16:47.415 - Info	Processing Component: CustomControls
2023-11-22 16:16:47.415 - Info	 - ExportTOPDF.ExportTOPDFComponent
2023-11-22 16:16:47.431 - Info	Processing Component: SolutionPluginAssemblies
2023-11-22 16:16:47.431 - Info	Processing Component: EntityDataProviders
2023-11-22 16:16:47.556 - Info	
Unmanaged Pack complete.

2023-11-22 16:17:15.176 - Info	
Packing C:\Users\Admin\Downloads\PCF Control\DocumentTemplateManager(ExportToPDF)\ExportPDFSolutions\obj\Debug\Metadata to bin\Debug\ExportPDFSolutions.zip

2023-11-22 16:17:15.206 - Info	Processing Component: Entities
2023-11-22 16:17:15.222 - Info	Processing Component: Roles
2023-11-22 16:17:15.225 - Info	Processing Component: Workflows
2023-11-22 16:17:15.225 - Info	Processing Component: FieldSecurityProfiles
2023-11-22 16:17:15.225 - Info	Processing Component: Templates
2023-11-22 16:17:15.225 - Info	Processing Component: EntityMaps
2023-11-22 16:17:15.225 - Info	Processing Component: EntityRelationships
2023-11-22 16:17:15.243 - Info	Processing Component: OrganizationSettings
2023-11-22 16:17:15.243 - Info	Processing Component: optionsets
2023-11-22 16:17:15.243 - Info	Processing Component: CustomControls
2023-11-22 16:17:15.276 - Info	 - ExportTOPDF.ExportTOPDFComponent
2023-11-22 16:17:15.299 - Info	Processing Component: SolutionPluginAssemblies
2023-11-22 16:17:15.299 - Info	Processing Component: EntityDataProviders
2023-11-22 16:17:15.422 - Info	
Unmanaged Pack complete.

2023-11-22 16:30:06.962 - Info	
Packing C:\Users\Admin\Downloads\PCF Control\DocumentTemplateManager(ExportToPDF)\ExportPDFSolutions\obj\Debug\Metadata to bin\Debug\ExportPDFSolutions.zip

2023-11-22 16:30:06.972 - Info	Processing Component: Entities
2023-11-22 16:30:06.972 - Info	Processing Component: Roles
2023-11-22 16:30:06.988 - Info	Processing Component: Workflows
2023-11-22 16:30:06.988 - Info	Processing Component: FieldSecurityProfiles
2023-11-22 16:30:06.988 - Info	Processing Component: Templates
2023-11-22 16:30:06.988 - Info	Processing Component: EntityMaps
2023-11-22 16:30:06.988 - Info	Processing Component: EntityRelationships
2023-11-22 16:30:06.988 - Info	Processing Component: OrganizationSettings
2023-11-22 16:30:06.988 - Info	Processing Component: optionsets
2023-11-22 16:30:06.988 - Info	Processing Component: CustomControls
2023-11-22 16:30:07.004 - Info	 - ExportTOPDF.ExportTOPDFComponent
2023-11-22 16:30:07.004 - Info	Processing Component: SolutionPluginAssemblies
2023-11-22 16:30:07.004 - Info	Processing Component: EntityDataProviders
2023-11-22 16:30:07.129 - Info	
Unmanaged Pack complete.

2023-11-22 16:31:24.304 - Info	
Packing C:\Users\Admin\Downloads\PCF Control\DocumentTemplateManager(ExportToPDF)\ExportPDFSolutions\obj\Debug\Metadata to bin\Debug\ExportPDFSolutions.zip

2023-11-22 16:31:24.318 - Info	Processing Component: Entities
2023-11-22 16:31:24.331 - Info	Processing Component: Roles
2023-11-22 16:31:24.334 - Info	Processing Component: Workflows
2023-11-22 16:31:24.334 - Info	Processing Component: FieldSecurityProfiles
2023-11-22 16:31:24.334 - Info	Processing Component: Templates
2023-11-22 16:31:24.334 - Info	Processing Component: EntityMaps
2023-11-22 16:31:24.334 - Info	Processing Component: EntityRelationships
2023-11-22 16:31:24.350 - Info	Processing Component: OrganizationSettings
2023-11-22 16:31:24.350 - Info	Processing Component: optionsets
2023-11-22 16:31:24.350 - Info	Processing Component: CustomControls
2023-11-22 16:31:24.366 - Info	 - ExportTOPDF.ExportTOPDFComponent
2023-11-22 16:31:24.381 - Info	Processing Component: SolutionPluginAssemblies
2023-11-22 16:31:24.381 - Info	Processing Component: EntityDataProviders
2023-11-22 16:31:24.476 - Info	
Unmanaged Pack complete.

2023-11-23 10:22:11.427 - Info	
Packing C:\Users\Admin\Downloads\PCF Control\DocumentTemplateManager(ExportToPDF)\ExportPDFSolutions\obj\Debug\Metadata to bin\Debug\ExportPDFSolutions.zip

2023-11-23 10:22:11.460 - Info	Processing Component: Entities
2023-11-23 10:22:11.476 - Info	Processing Component: Roles
2023-11-23 10:22:11.476 - Info	Processing Component: Workflows
2023-11-23 10:22:11.476 - Info	Processing Component: FieldSecurityProfiles
2023-11-23 10:22:11.476 - Info	Processing Component: Templates
2023-11-23 10:22:11.490 - Info	Processing Component: EntityMaps
2023-11-23 10:22:11.490 - Info	Processing Component: EntityRelationships
2023-11-23 10:22:11.491 - Info	Processing Component: OrganizationSettings
2023-11-23 10:22:11.491 - Info	Processing Component: optionsets
2023-11-23 10:22:11.491 - Info	Processing Component: CustomControls
2023-11-23 10:22:11.506 - Info	 - ExportTOPDF.ExportTOPDFComponent
2023-11-23 10:22:11.537 - Info	Processing Component: SolutionPluginAssemblies
2023-11-23 10:22:11.538 - Info	Processing Component: EntityDataProviders
2023-11-23 10:22:11.868 - Info	
Unmanaged Pack complete.

2023-11-27 19:16:21.425 - Info	
Packing C:\Users\Admin\Downloads\PCF Control\DocumentTemplateManager(ExportToPDF)\ExportPDFSolutions\obj\Debug\Metadata to bin\Debug\ExportPDFSolutions.zip

2023-11-27 19:16:21.459 - Info	Processing Component: Entities
2023-11-27 19:16:21.459 - Info	Processing Component: Roles
2023-11-27 19:16:21.474 - Info	Processing Component: Workflows
2023-11-27 19:16:21.474 - Info	Processing Component: FieldSecurityProfiles
2023-11-27 19:16:21.482 - Info	Processing Component: Templates
2023-11-27 19:16:21.483 - Info	Processing Component: EntityMaps
2023-11-27 19:16:21.483 - Info	Processing Component: EntityRelationships
2023-11-27 19:16:21.490 - Info	Processing Component: OrganizationSettings
2023-11-27 19:16:21.490 - Info	Processing Component: optionsets
2023-11-27 19:16:21.490 - Info	Processing Component: CustomControls
2023-11-27 19:16:21.506 - Info	 - ExportTOPDF.ExportTOPDFComponent
2023-11-27 19:16:21.522 - Info	Processing Component: SolutionPluginAssemblies
2023-11-27 19:16:21.522 - Info	Processing Component: EntityDataProviders
2023-11-27 19:16:21.886 - Info	
Unmanaged Pack complete.

